<?xml version="1.0" encoding="UTF-8"?>
<!-- Generated by org.testng.reporters.JUnitXMLReporter -->
<testsuite hostname="sourceandroid" ignored="0" name="Default test" tests="17" failures="0" timestamp="21 May 2019 07:21:09 GMT" time="845.266" errors="0">
  <testcase name="verifySelectCategory" time="25.794" classname="com.qa.test.AddProductTest"/>
  <testcase name="verifyProductname" time="28.193" classname="com.qa.test.AddProductTest"/>
  <testcase name="verifyBrandname" time="30.052" classname="com.qa.test.AddProductTest"/>
  <testcase name="verifyModel" time="30.542" classname="com.qa.test.AddProductTest"/>
  <testcase name="verifySuspensions" time="31.972" classname="com.qa.test.AddProductTest"/>
  <testcase name="verifyProdActulPrice" time="31.797" classname="com.qa.test.AddProductTest"/>
  <testcase name="verifySellingPrice" time="36.39" classname="com.qa.test.AddProductTest"/>
  <testcase name="verifyBaterycap" time="42.728" classname="com.qa.test.AddProductTest"/>
  <testcase name="verifyElectMoterBrand" time="40.352" classname="com.qa.test.AddProductTest"/>
  <testcase name="verifyElectMoterYear" time="43.038" classname="com.qa.test.AddProductTest"/>
  <testcase name="verifyElectMoterMileage" time="44.834" classname="com.qa.test.AddProductTest"/>
  <testcase name="verifyFrameMaterial" time="46.712" classname="com.qa.test.AddProductTest"/>
  <testcase name="verifyFrameSize" time="49.198" classname="com.qa.test.AddProductTest"/>
  <testcase name="verifySupportSp" time="51.94" classname="com.qa.test.AddProductTest"/>
  <testcase name="verifyWheelSize" time="59.619" classname="com.qa.test.AddProductTest"/>
  <testcase name="verifyGender" time="55.384" classname="com.qa.test.AddProductTest"/>
  <testcase name="verifySaveBtn" time="64.879" classname="com.qa.test.AddProductTest"/>
</testsuite> <!-- Default test -->
