<?xml version="1.0" encoding="UTF-8"?>
<testng-results skipped="0" failed="1" ignored="0" total="22" passed="21">
  <reporter-output>
  </reporter-output>
  <suite name="Suite" duration-ms="1063912" started-at="2019-05-21T09:51:31Z" finished-at="2019-05-21T10:09:14Z">
    <groups>
    </groups>
    <test name="Test" duration-ms="1063912" started-at="2019-05-21T09:51:31Z" finished-at="2019-05-21T10:09:14Z">
      <class name="com.qa.test.HomeTest">
        <test-method status="PASS" signature="setUp()[pri:0, instance:com.qa.test.HomeTest@5e3a8624]" name="setUp" is-config="true" duration-ms="5880" started-at="2019-05-21T15:21:46Z" finished-at="2019-05-21T15:21:51Z">
          <reporter-output>
          </reporter-output>
        </test-method> <!-- setUp -->
        <test-method status="PASS" signature="verifySellLink()[pri:1, instance:com.qa.test.HomeTest@5e3a8624]" name="verifySellLink" duration-ms="23400" started-at="2019-05-21T15:21:51Z" finished-at="2019-05-21T15:22:15Z">
          <reporter-output>
          </reporter-output>
        </test-method> <!-- verifySellLink -->
        <test-method status="PASS" signature="tearDown()[pri:0, instance:com.qa.test.HomeTest@5e3a8624]" name="tearDown" is-config="true" duration-ms="604" started-at="2019-05-21T15:22:15Z" finished-at="2019-05-21T15:22:15Z">
          <reporter-output>
          </reporter-output>
        </test-method> <!-- tearDown -->
      </class> <!-- com.qa.test.HomeTest -->
      <class name="com.qa.test.SellTest">
        <test-method status="PASS" signature="setUp()[pri:0, instance:com.qa.test.SellTest@91161c7]" name="setUp" is-config="true" duration-ms="6085" started-at="2019-05-21T15:27:22Z" finished-at="2019-05-21T15:27:28Z">
          <reporter-output>
          </reporter-output>
        </test-method> <!-- setUp -->
        <test-method status="FAIL" signature="verifyProdAdd()[pri:7, instance:com.qa.test.SellTest@91161c7]" name="verifyProdAdd" duration-ms="54479" started-at="2019-05-21T15:27:28Z" finished-at="2019-05-21T15:28:23Z">
          <exception class="org.openqa.selenium.NoSuchElementException">
            <message>
              <![CDATA[no such element: Unable to locate element: {"method":"xpath","selector":"//input[@name='user_family_name']"}
  (Session info: chrome=74.0.3729.157)
  (Driver info: chromedriver=2.40.565498 (ea082db3280dd6843ebfb08a625e3eb905c4f5ab),platform=Windows NT 6.3.9600 x86_64) (WARNING: The server did not provide any stacktrace information)
Command duration or timeout: 0 milliseconds
For documentation on this error, please visit: http://seleniumhq.org/exceptions/no_such_element.html
Build info: version: '3.14.0', revision: 'aacccce0', time: '2018-08-02T20:19:58.91Z'
System info: host: 'SOURCEANDROID', ip: '192.168.136.2', os.name: 'Windows 8.1', os.arch: 'amd64', os.version: '6.3', java.version: '1.8.0_131'
Driver info: org.openqa.selenium.chrome.ChromeDriver
Capabilities {acceptInsecureCerts: false, acceptSslCerts: false, applicationCacheEnabled: false, browserConnectionEnabled: false, browserName: chrome, chrome: {chromedriverVersion: 2.40.565498 (ea082db3280dd6..., userDataDir: C:\Users\shubham\AppData\Lo...}, cssSelectorsEnabled: true, databaseEnabled: false, handlesAlerts: true, hasTouchScreen: false, javascriptEnabled: true, locationContextEnabled: true, mobileEmulationEnabled: false, nativeEvents: true, networkConnectionEnabled: false, pageLoadStrategy: normal, platform: XP, platformName: XP, rotatable: false, setWindowRect: true, takesHeapSnapshot: true, takesScreenshot: true, unexpectedAlertBehaviour: , unhandledPromptBehavior: , version: 74.0.3729.157, webStorageEnabled: true}
Session ID: 5a13389ed996bc130efd13d4ad0349e3
*** Element info: {Using=xpath, value=//input[@name='user_family_name']}]]>
            </message>
            <full-stacktrace>
              <![CDATA[org.openqa.selenium.NoSuchElementException: no such element: Unable to locate element: {"method":"xpath","selector":"//input[@name='user_family_name']"}
  (Session info: chrome=74.0.3729.157)
  (Driver info: chromedriver=2.40.565498 (ea082db3280dd6843ebfb08a625e3eb905c4f5ab),platform=Windows NT 6.3.9600 x86_64) (WARNING: The server did not provide any stacktrace information)
Command duration or timeout: 0 milliseconds
For documentation on this error, please visit: http://seleniumhq.org/exceptions/no_such_element.html
Build info: version: '3.14.0', revision: 'aacccce0', time: '2018-08-02T20:19:58.91Z'
System info: host: 'SOURCEANDROID', ip: '192.168.136.2', os.name: 'Windows 8.1', os.arch: 'amd64', os.version: '6.3', java.version: '1.8.0_131'
Driver info: org.openqa.selenium.chrome.ChromeDriver
Capabilities {acceptInsecureCerts: false, acceptSslCerts: false, applicationCacheEnabled: false, browserConnectionEnabled: false, browserName: chrome, chrome: {chromedriverVersion: 2.40.565498 (ea082db3280dd6..., userDataDir: C:\Users\shubham\AppData\Lo...}, cssSelectorsEnabled: true, databaseEnabled: false, handlesAlerts: true, hasTouchScreen: false, javascriptEnabled: true, locationContextEnabled: true, mobileEmulationEnabled: false, nativeEvents: true, networkConnectionEnabled: false, pageLoadStrategy: normal, platform: XP, platformName: XP, rotatable: false, setWindowRect: true, takesHeapSnapshot: true, takesScreenshot: true, unexpectedAlertBehaviour: , unhandledPromptBehavior: , version: 74.0.3729.157, webStorageEnabled: true}
Session ID: 5a13389ed996bc130efd13d4ad0349e3
*** Element info: {Using=xpath, value=//input[@name='user_family_name']}
	at sun.reflect.NativeConstructorAccessorImpl.newInstance0(Native Method)
	at sun.reflect.NativeConstructorAccessorImpl.newInstance(Unknown Source)
	at sun.reflect.DelegatingConstructorAccessorImpl.newInstance(Unknown Source)
	at java.lang.reflect.Constructor.newInstance(Unknown Source)
	at org.openqa.selenium.remote.ErrorHandler.createThrowable(ErrorHandler.java:214)
	at org.openqa.selenium.remote.ErrorHandler.throwIfResponseFailed(ErrorHandler.java:166)
	at org.openqa.selenium.remote.http.JsonHttpResponseCodec.reconstructValue(JsonHttpResponseCodec.java:40)
	at org.openqa.selenium.remote.http.AbstractHttpResponseCodec.decode(AbstractHttpResponseCodec.java:80)
	at org.openqa.selenium.remote.http.AbstractHttpResponseCodec.decode(AbstractHttpResponseCodec.java:44)
	at org.openqa.selenium.remote.HttpCommandExecutor.execute(HttpCommandExecutor.java:158)
	at org.openqa.selenium.remote.service.DriverCommandExecutor.execute(DriverCommandExecutor.java:83)
	at org.openqa.selenium.remote.RemoteWebDriver.execute(RemoteWebDriver.java:548)
	at org.openqa.selenium.remote.RemoteWebDriver.findElement(RemoteWebDriver.java:322)
	at org.openqa.selenium.remote.RemoteWebDriver.findElementByXPath(RemoteWebDriver.java:424)
	at org.openqa.selenium.By$ByXPath.findElement(By.java:353)
	at org.openqa.selenium.remote.RemoteWebDriver.findElement(RemoteWebDriver.java:314)
	at sun.reflect.GeneratedMethodAccessor3.invoke(Unknown Source)
	at sun.reflect.DelegatingMethodAccessorImpl.invoke(Unknown Source)
	at java.lang.reflect.Method.invoke(Unknown Source)
	at org.openqa.selenium.support.events.EventFiringWebDriver.lambda$new$1(EventFiringWebDriver.java:105)
	at com.sun.proxy.$Proxy7.findElement(Unknown Source)
	at org.openqa.selenium.support.events.EventFiringWebDriver.findElement(EventFiringWebDriver.java:194)
	at org.openqa.selenium.support.pagefactory.DefaultElementLocator.findElement(DefaultElementLocator.java:69)
	at org.openqa.selenium.support.pagefactory.internal.LocatingElementHandler.invoke(LocatingElementHandler.java:38)
	at com.sun.proxy.$Proxy11.clear(Unknown Source)
	at com.qa.pages.SellPage.enterFamilyName(SellPage.java:43)
	at com.qa.test.SellTest.verifyProdAdd(SellTest.java:161)
	at sun.reflect.NativeMethodAccessorImpl.invoke0(Native Method)
	at sun.reflect.NativeMethodAccessorImpl.invoke(Unknown Source)
	at sun.reflect.DelegatingMethodAccessorImpl.invoke(Unknown Source)
	at java.lang.reflect.Method.invoke(Unknown Source)
	at org.testng.internal.MethodInvocationHelper.invokeMethod(MethodInvocationHelper.java:108)
	at org.testng.internal.Invoker.invokeMethod(Invoker.java:661)
	at org.testng.internal.Invoker.invokeTestMethod(Invoker.java:869)
	at org.testng.internal.Invoker.invokeTestMethods(Invoker.java:1193)
	at org.testng.internal.TestMethodWorker.invokeTestMethods(TestMethodWorker.java:126)
	at org.testng.internal.TestMethodWorker.run(TestMethodWorker.java:109)
	at org.testng.TestRunner.privateRun(TestRunner.java:744)
	at org.testng.TestRunner.run(TestRunner.java:602)
	at org.testng.SuiteRunner.runTest(SuiteRunner.java:380)
	at org.testng.SuiteRunner.runSequentially(SuiteRunner.java:375)
	at org.testng.SuiteRunner.privateRun(SuiteRunner.java:340)
	at org.testng.SuiteRunner.run(SuiteRunner.java:289)
	at org.testng.SuiteRunnerWorker.runSuite(SuiteRunnerWorker.java:52)
	at org.testng.SuiteRunnerWorker.run(SuiteRunnerWorker.java:86)
	at org.testng.TestNG.runSuitesSequentially(TestNG.java:1301)
	at org.testng.TestNG.runSuitesLocally(TestNG.java:1226)
	at org.testng.TestNG.runSuites(TestNG.java:1144)
	at org.testng.TestNG.run(TestNG.java:1115)
	at org.testng.remote.AbstractRemoteTestNG.run(AbstractRemoteTestNG.java:114)
	at org.testng.remote.RemoteTestNG.initAndRun(RemoteTestNG.java:251)
	at org.testng.remote.RemoteTestNG.main(RemoteTestNG.java:77)
]]>
            </full-stacktrace>
          </exception> <!-- org.openqa.selenium.NoSuchElementException -->
          <reporter-output>
          </reporter-output>
        </test-method> <!-- verifyProdAdd -->
        <test-method status="PASS" signature="tearDown()[pri:0, instance:com.qa.test.SellTest@91161c7]" name="tearDown" is-config="true" duration-ms="569" started-at="2019-05-21T15:28:23Z" finished-at="2019-05-21T15:28:23Z">
          <reporter-output>
          </reporter-output>
        </test-method> <!-- tearDown -->
      </class> <!-- com.qa.test.SellTest -->
      <class name="com.qa.test.AddProductTest">
        <test-method status="PASS" signature="setUp()[pri:0, instance:com.qa.test.AddProductTest@5c3bd550]" name="setUp" is-config="true" duration-ms="6123" started-at="2019-05-21T15:22:15Z" finished-at="2019-05-21T15:22:22Z">
          <reporter-output>
          </reporter-output>
        </test-method> <!-- setUp -->
        <test-method status="PASS" signature="verifySelectCategory()[pri:1, instance:com.qa.test.AddProductTest@5c3bd550]" name="verifySelectCategory" duration-ms="25412" started-at="2019-05-21T15:22:22Z" finished-at="2019-05-21T15:22:47Z">
          <reporter-output>
          </reporter-output>
        </test-method> <!-- verifySelectCategory -->
        <test-method status="PASS" signature="tearDown()[pri:0, instance:com.qa.test.AddProductTest@5c3bd550]" name="tearDown" is-config="true" duration-ms="573" started-at="2019-05-21T15:22:47Z" finished-at="2019-05-21T15:22:48Z">
          <reporter-output>
          </reporter-output>
        </test-method> <!-- tearDown -->
        <test-method status="PASS" signature="setUp()[pri:0, instance:com.qa.test.AddProductTest@5c3bd550]" name="setUp" is-config="true" duration-ms="5918" started-at="2019-05-21T15:23:04Z" finished-at="2019-05-21T15:23:10Z">
          <reporter-output>
          </reporter-output>
        </test-method> <!-- setUp -->
        <test-method status="PASS" signature="verifyProductname()[pri:2, instance:com.qa.test.AddProductTest@5c3bd550]" name="verifyProductname" duration-ms="27744" started-at="2019-05-21T15:23:10Z" finished-at="2019-05-21T15:23:38Z">
          <reporter-output>
          </reporter-output>
        </test-method> <!-- verifyProductname -->
        <test-method status="PASS" signature="tearDown()[pri:0, instance:com.qa.test.AddProductTest@5c3bd550]" name="tearDown" is-config="true" duration-ms="613" started-at="2019-05-21T15:23:38Z" finished-at="2019-05-21T15:23:38Z">
          <reporter-output>
          </reporter-output>
        </test-method> <!-- tearDown -->
        <test-method status="PASS" signature="setUp()[pri:0, instance:com.qa.test.AddProductTest@5c3bd550]" name="setUp" is-config="true" duration-ms="6033" started-at="2019-05-21T15:24:05Z" finished-at="2019-05-21T15:24:11Z">
          <reporter-output>
          </reporter-output>
        </test-method> <!-- setUp -->
        <test-method status="PASS" signature="verifyBrandname()[pri:3, instance:com.qa.test.AddProductTest@5c3bd550]" name="verifyBrandname" duration-ms="29642" started-at="2019-05-21T15:24:11Z" finished-at="2019-05-21T15:24:41Z">
          <reporter-output>
          </reporter-output>
        </test-method> <!-- verifyBrandname -->
        <test-method status="PASS" signature="tearDown()[pri:0, instance:com.qa.test.AddProductTest@5c3bd550]" name="tearDown" is-config="true" duration-ms="613" started-at="2019-05-21T15:24:41Z" finished-at="2019-05-21T15:24:41Z">
          <reporter-output>
          </reporter-output>
        </test-method> <!-- tearDown -->
        <test-method status="PASS" signature="setUp()[pri:0, instance:com.qa.test.AddProductTest@5c3bd550]" name="setUp" is-config="true" duration-ms="6155" started-at="2019-05-21T15:24:41Z" finished-at="2019-05-21T15:24:48Z">
          <reporter-output>
          </reporter-output>
        </test-method> <!-- setUp -->
        <test-method status="PASS" signature="verifyModel()[pri:4, instance:com.qa.test.AddProductTest@5c3bd550]" name="verifyModel" duration-ms="31749" started-at="2019-05-21T15:24:48Z" finished-at="2019-05-21T15:25:19Z">
          <reporter-output>
          </reporter-output>
        </test-method> <!-- verifyModel -->
        <test-method status="PASS" signature="tearDown()[pri:0, instance:com.qa.test.AddProductTest@5c3bd550]" name="tearDown" is-config="true" duration-ms="597" started-at="2019-05-21T15:25:19Z" finished-at="2019-05-21T15:25:20Z">
          <reporter-output>
          </reporter-output>
        </test-method> <!-- tearDown -->
        <test-method status="PASS" signature="setUp()[pri:0, instance:com.qa.test.AddProductTest@5c3bd550]" name="setUp" is-config="true" duration-ms="6164" started-at="2019-05-21T15:25:20Z" finished-at="2019-05-21T15:25:26Z">
          <reporter-output>
          </reporter-output>
        </test-method> <!-- setUp -->
        <test-method status="PASS" signature="verifySuspensions()[pri:5, instance:com.qa.test.AddProductTest@5c3bd550]" name="verifySuspensions" duration-ms="34131" started-at="2019-05-21T15:25:26Z" finished-at="2019-05-21T15:26:00Z">
          <reporter-output>
          </reporter-output>
        </test-method> <!-- verifySuspensions -->
        <test-method status="PASS" signature="tearDown()[pri:0, instance:com.qa.test.AddProductTest@5c3bd550]" name="tearDown" is-config="true" duration-ms="603" started-at="2019-05-21T15:26:00Z" finished-at="2019-05-21T15:26:01Z">
          <reporter-output>
          </reporter-output>
        </test-method> <!-- tearDown -->
        <test-method status="PASS" signature="setUp()[pri:0, instance:com.qa.test.AddProductTest@5c3bd550]" name="setUp" is-config="true" duration-ms="6122" started-at="2019-05-21T15:26:01Z" finished-at="2019-05-21T15:26:07Z">
          <reporter-output>
          </reporter-output>
        </test-method> <!-- setUp -->
        <test-method status="PASS" signature="verifyProdActulPrice()[pri:6, instance:com.qa.test.AddProductTest@5c3bd550]" name="verifyProdActulPrice" duration-ms="31910" started-at="2019-05-21T15:26:07Z" finished-at="2019-05-21T15:26:39Z">
          <reporter-output>
          </reporter-output>
        </test-method> <!-- verifyProdActulPrice -->
        <test-method status="PASS" signature="tearDown()[pri:0, instance:com.qa.test.AddProductTest@5c3bd550]" name="tearDown" is-config="true" duration-ms="569" started-at="2019-05-21T15:26:39Z" finished-at="2019-05-21T15:26:39Z">
          <reporter-output>
          </reporter-output>
        </test-method> <!-- tearDown -->
        <test-method status="PASS" signature="setUp()[pri:0, instance:com.qa.test.AddProductTest@5c3bd550]" name="setUp" is-config="true" duration-ms="5923" started-at="2019-05-21T15:26:39Z" finished-at="2019-05-21T15:26:45Z">
          <reporter-output>
          </reporter-output>
        </test-method> <!-- setUp -->
        <test-method status="PASS" signature="verifySellingPrice()[pri:7, instance:com.qa.test.AddProductTest@5c3bd550]" name="verifySellingPrice" duration-ms="36205" started-at="2019-05-21T15:26:45Z" finished-at="2019-05-21T15:27:22Z">
          <reporter-output>
          </reporter-output>
        </test-method> <!-- verifySellingPrice -->
        <test-method status="PASS" signature="tearDown()[pri:0, instance:com.qa.test.AddProductTest@5c3bd550]" name="tearDown" is-config="true" duration-ms="617" started-at="2019-05-21T15:27:22Z" finished-at="2019-05-21T15:27:22Z">
          <reporter-output>
          </reporter-output>
        </test-method> <!-- tearDown -->
        <test-method status="PASS" signature="setUp()[pri:0, instance:com.qa.test.AddProductTest@5c3bd550]" name="setUp" is-config="true" duration-ms="6108" started-at="2019-05-21T15:28:23Z" finished-at="2019-05-21T15:28:29Z">
          <reporter-output>
          </reporter-output>
        </test-method> <!-- setUp -->
        <test-method status="PASS" signature="verifyBaterycap()[pri:8, instance:com.qa.test.AddProductTest@5c3bd550]" name="verifyBaterycap" duration-ms="36399" started-at="2019-05-21T15:28:29Z" finished-at="2019-05-21T15:29:06Z">
          <reporter-output>
          </reporter-output>
        </test-method> <!-- verifyBaterycap -->
        <test-method status="PASS" signature="tearDown()[pri:0, instance:com.qa.test.AddProductTest@5c3bd550]" name="tearDown" is-config="true" duration-ms="574" started-at="2019-05-21T15:29:06Z" finished-at="2019-05-21T15:29:06Z">
          <reporter-output>
          </reporter-output>
        </test-method> <!-- tearDown -->
        <test-method status="PASS" signature="setUp()[pri:0, instance:com.qa.test.AddProductTest@5c3bd550]" name="setUp" is-config="true" duration-ms="5875" started-at="2019-05-21T15:29:06Z" finished-at="2019-05-21T15:29:12Z">
          <reporter-output>
          </reporter-output>
        </test-method> <!-- setUp -->
        <test-method status="PASS" signature="verifyElectMoterBrand()[pri:9, instance:com.qa.test.AddProductTest@5c3bd550]" name="verifyElectMoterBrand" duration-ms="41675" started-at="2019-05-21T15:29:12Z" finished-at="2019-05-21T15:29:54Z">
          <reporter-output>
          </reporter-output>
        </test-method> <!-- verifyElectMoterBrand -->
        <test-method status="PASS" signature="tearDown()[pri:0, instance:com.qa.test.AddProductTest@5c3bd550]" name="tearDown" is-config="true" duration-ms="621" started-at="2019-05-21T15:29:54Z" finished-at="2019-05-21T15:29:55Z">
          <reporter-output>
          </reporter-output>
        </test-method> <!-- tearDown -->
        <test-method status="PASS" signature="setUp()[pri:0, instance:com.qa.test.AddProductTest@5c3bd550]" name="setUp" is-config="true" duration-ms="6897" started-at="2019-05-21T15:29:55Z" finished-at="2019-05-21T15:30:01Z">
          <reporter-output>
          </reporter-output>
        </test-method> <!-- setUp -->
        <test-method status="PASS" signature="verifyElectMoterYear()[pri:10, instance:com.qa.test.AddProductTest@5c3bd550]" name="verifyElectMoterYear" duration-ms="57426" started-at="2019-05-21T15:30:01Z" finished-at="2019-05-21T15:30:59Z">
          <reporter-output>
          </reporter-output>
        </test-method> <!-- verifyElectMoterYear -->
        <test-method status="PASS" signature="tearDown()[pri:0, instance:com.qa.test.AddProductTest@5c3bd550]" name="tearDown" is-config="true" duration-ms="606" started-at="2019-05-21T15:30:59Z" finished-at="2019-05-21T15:30:59Z">
          <reporter-output>
          </reporter-output>
        </test-method> <!-- tearDown -->
        <test-method status="PASS" signature="setUp()[pri:0, instance:com.qa.test.AddProductTest@5c3bd550]" name="setUp" is-config="true" duration-ms="7202" started-at="2019-05-21T15:30:59Z" finished-at="2019-05-21T15:31:07Z">
          <reporter-output>
          </reporter-output>
        </test-method> <!-- setUp -->
        <test-method status="PASS" signature="verifyElectMoterMileage()[pri:11, instance:com.qa.test.AddProductTest@5c3bd550]" name="verifyElectMoterMileage" duration-ms="50448" started-at="2019-05-21T15:31:07Z" finished-at="2019-05-21T15:31:57Z">
          <reporter-output>
          </reporter-output>
        </test-method> <!-- verifyElectMoterMileage -->
        <test-method status="PASS" signature="tearDown()[pri:0, instance:com.qa.test.AddProductTest@5c3bd550]" name="tearDown" is-config="true" duration-ms="613" started-at="2019-05-21T15:31:57Z" finished-at="2019-05-21T15:31:58Z">
          <reporter-output>
          </reporter-output>
        </test-method> <!-- tearDown -->
        <test-method status="PASS" signature="setUp()[pri:0, instance:com.qa.test.AddProductTest@5c3bd550]" name="setUp" is-config="true" duration-ms="9699" started-at="2019-05-21T15:31:58Z" finished-at="2019-05-21T15:32:07Z">
          <reporter-output>
          </reporter-output>
        </test-method> <!-- setUp -->
        <test-method status="PASS" signature="verifyFrameMaterial()[pri:12, instance:com.qa.test.AddProductTest@5c3bd550]" name="verifyFrameMaterial" duration-ms="57218" started-at="2019-05-21T15:32:07Z" finished-at="2019-05-21T15:33:05Z">
          <reporter-output>
          </reporter-output>
        </test-method> <!-- verifyFrameMaterial -->
        <test-method status="PASS" signature="tearDown()[pri:0, instance:com.qa.test.AddProductTest@5c3bd550]" name="tearDown" is-config="true" duration-ms="608" started-at="2019-05-21T15:33:05Z" finished-at="2019-05-21T15:33:05Z">
          <reporter-output>
          </reporter-output>
        </test-method> <!-- tearDown -->
        <test-method status="PASS" signature="setUp()[pri:0, instance:com.qa.test.AddProductTest@5c3bd550]" name="setUp" is-config="true" duration-ms="7931" started-at="2019-05-21T15:33:05Z" finished-at="2019-05-21T15:33:13Z">
          <reporter-output>
          </reporter-output>
        </test-method> <!-- setUp -->
        <test-method status="PASS" signature="verifyFrameSize()[pri:13, instance:com.qa.test.AddProductTest@5c3bd550]" name="verifyFrameSize" duration-ms="64521" started-at="2019-05-21T15:33:13Z" finished-at="2019-05-21T15:34:18Z">
          <reporter-output>
          </reporter-output>
        </test-method> <!-- verifyFrameSize -->
        <test-method status="PASS" signature="tearDown()[pri:0, instance:com.qa.test.AddProductTest@5c3bd550]" name="tearDown" is-config="true" duration-ms="613" started-at="2019-05-21T15:34:18Z" finished-at="2019-05-21T15:34:18Z">
          <reporter-output>
          </reporter-output>
        </test-method> <!-- tearDown -->
        <test-method status="PASS" signature="setUp()[pri:0, instance:com.qa.test.AddProductTest@5c3bd550]" name="setUp" is-config="true" duration-ms="6757" started-at="2019-05-21T15:34:18Z" finished-at="2019-05-21T15:34:25Z">
          <reporter-output>
          </reporter-output>
        </test-method> <!-- setUp -->
        <test-method status="PASS" signature="verifySupportSp()[pri:14, instance:com.qa.test.AddProductTest@5c3bd550]" name="verifySupportSp" duration-ms="62279" started-at="2019-05-21T15:34:25Z" finished-at="2019-05-21T15:35:27Z">
          <reporter-output>
          </reporter-output>
        </test-method> <!-- verifySupportSp -->
        <test-method status="PASS" signature="tearDown()[pri:0, instance:com.qa.test.AddProductTest@5c3bd550]" name="tearDown" is-config="true" duration-ms="599" started-at="2019-05-21T15:35:27Z" finished-at="2019-05-21T15:35:28Z">
          <reporter-output>
          </reporter-output>
        </test-method> <!-- tearDown -->
        <test-method status="PASS" signature="setUp()[pri:0, instance:com.qa.test.AddProductTest@5c3bd550]" name="setUp" is-config="true" duration-ms="7563" started-at="2019-05-21T15:35:28Z" finished-at="2019-05-21T15:35:36Z">
          <reporter-output>
          </reporter-output>
        </test-method> <!-- setUp -->
        <test-method status="PASS" signature="verifyWheelSize()[pri:15, instance:com.qa.test.AddProductTest@5c3bd550]" name="verifyWheelSize" duration-ms="55183" started-at="2019-05-21T15:35:36Z" finished-at="2019-05-21T15:36:31Z">
          <reporter-output>
          </reporter-output>
        </test-method> <!-- verifyWheelSize -->
        <test-method status="PASS" signature="tearDown()[pri:0, instance:com.qa.test.AddProductTest@5c3bd550]" name="tearDown" is-config="true" duration-ms="598" started-at="2019-05-21T15:36:31Z" finished-at="2019-05-21T15:36:31Z">
          <reporter-output>
          </reporter-output>
        </test-method> <!-- tearDown -->
        <test-method status="PASS" signature="setUp()[pri:0, instance:com.qa.test.AddProductTest@5c3bd550]" name="setUp" is-config="true" duration-ms="6602" started-at="2019-05-21T15:36:31Z" finished-at="2019-05-21T15:36:38Z">
          <reporter-output>
          </reporter-output>
        </test-method> <!-- setUp -->
        <test-method status="PASS" signature="verifyGender()[pri:16, instance:com.qa.test.AddProductTest@5c3bd550]" name="verifyGender" duration-ms="60434" started-at="2019-05-21T15:36:38Z" finished-at="2019-05-21T15:37:38Z">
          <reporter-output>
          </reporter-output>
        </test-method> <!-- verifyGender -->
        <test-method status="PASS" signature="tearDown()[pri:0, instance:com.qa.test.AddProductTest@5c3bd550]" name="tearDown" is-config="true" duration-ms="602" started-at="2019-05-21T15:37:38Z" finished-at="2019-05-21T15:37:39Z">
          <reporter-output>
          </reporter-output>
        </test-method> <!-- tearDown -->
        <test-method status="PASS" signature="setUp()[pri:0, instance:com.qa.test.AddProductTest@5c3bd550]" name="setUp" is-config="true" duration-ms="13413" started-at="2019-05-21T15:37:39Z" finished-at="2019-05-21T15:37:52Z">
          <reporter-output>
          </reporter-output>
        </test-method> <!-- setUp -->
        <test-method status="PASS" signature="verifySaveBtn()[pri:17, instance:com.qa.test.AddProductTest@5c3bd550]" name="verifySaveBtn" duration-ms="81483" started-at="2019-05-21T15:37:52Z" finished-at="2019-05-21T15:39:14Z">
          <reporter-output>
          </reporter-output>
        </test-method> <!-- verifySaveBtn -->
        <test-method status="PASS" signature="tearDown()[pri:0, instance:com.qa.test.AddProductTest@5c3bd550]" name="tearDown" is-config="true" duration-ms="610" started-at="2019-05-21T15:39:14Z" finished-at="2019-05-21T15:39:14Z">
          <reporter-output>
          </reporter-output>
        </test-method> <!-- tearDown -->
      </class> <!-- com.qa.test.AddProductTest -->
      <class name="com.qa.test.LoginTest">
        <test-method status="PASS" signature="setUp()[pri:0, instance:com.qa.test.LoginTest@1bce4f0a]" name="setUp" is-config="true" duration-ms="6746" started-at="2019-05-21T15:21:31Z" finished-at="2019-05-21T15:21:37Z">
          <reporter-output>
          </reporter-output>
        </test-method> <!-- setUp -->
        <test-method status="PASS" signature="verifyTranstBtn()[pri:1, instance:com.qa.test.LoginTest@1bce4f0a]" name="verifyTranstBtn" duration-ms="7594" started-at="2019-05-21T15:21:37Z" finished-at="2019-05-21T15:21:45Z">
          <reporter-output>
          </reporter-output>
        </test-method> <!-- verifyTranstBtn -->
        <test-method status="PASS" signature="tearDown()[pri:0, instance:com.qa.test.LoginTest@1bce4f0a]" name="tearDown" is-config="true" duration-ms="610" started-at="2019-05-21T15:21:45Z" finished-at="2019-05-21T15:21:46Z">
          <reporter-output>
          </reporter-output>
        </test-method> <!-- tearDown -->
        <test-method status="PASS" signature="setUp()[pri:0, instance:com.qa.test.LoginTest@1bce4f0a]" name="setUp" is-config="true" duration-ms="5855" started-at="2019-05-21T15:22:48Z" finished-at="2019-05-21T15:22:53Z">
          <reporter-output>
          </reporter-output>
        </test-method> <!-- setUp -->
        <test-method status="PASS" signature="verifiySignIn()[pri:2, instance:com.qa.test.LoginTest@1bce4f0a]" name="verifiySignIn" duration-ms="9958" started-at="2019-05-21T15:22:53Z" finished-at="2019-05-21T15:23:03Z">
          <reporter-output>
          </reporter-output>
        </test-method> <!-- verifiySignIn -->
        <test-method status="PASS" signature="tearDown()[pri:0, instance:com.qa.test.LoginTest@1bce4f0a]" name="tearDown" is-config="true" duration-ms="601" started-at="2019-05-21T15:23:03Z" finished-at="2019-05-21T15:23:04Z">
          <reporter-output>
          </reporter-output>
        </test-method> <!-- tearDown -->
        <test-method status="PASS" signature="setUp()[pri:0, instance:com.qa.test.LoginTest@1bce4f0a]" name="setUp" is-config="true" duration-ms="6315" started-at="2019-05-21T15:23:38Z" finished-at="2019-05-21T15:23:45Z">
          <reporter-output>
          </reporter-output>
        </test-method> <!-- setUp -->
        <test-method status="PASS" signature="verifyLogin()[pri:3, instance:com.qa.test.LoginTest@1bce4f0a]" name="verifyLogin" duration-ms="19966" started-at="2019-05-21T15:23:45Z" finished-at="2019-05-21T15:24:05Z">
          <reporter-output>
          </reporter-output>
        </test-method> <!-- verifyLogin -->
        <test-method status="PASS" signature="tearDown()[pri:0, instance:com.qa.test.LoginTest@1bce4f0a]" name="tearDown" is-config="true" duration-ms="604" started-at="2019-05-21T15:24:05Z" finished-at="2019-05-21T15:24:05Z">
          <reporter-output>
          </reporter-output>
        </test-method> <!-- tearDown -->
      </class> <!-- com.qa.test.LoginTest -->
    </test> <!-- Test -->
  </suite> <!-- Suite -->
</testng-results>
